

*******************************************************************************
Mon Oct 15 16:01:32 2018


FIT:    data read from 'fibData.txt' using 2:3
        format = x:z
        #datapoints = 31
        residuals are weighted equally (unit weight)

function used for fitting: f(x)
	f(x) = A * exp(B*x)
fitted parameters initialized with current variable values

iter      chisq       delta/lim  lambda   A             B            
   0 9.7590886222e+26   0.00e+00  1.24e+14    1.000000e+00   1.000000e+00
 377 1.6132379832e+12  -7.52e-04  1.24e+01    9.288272e+00   4.792318e-01

After 377 iterations the fit converged.
final sum of squares of residuals : 1.61324e+12
rel. change during last iteration : -7.52042e-09

degrees of freedom    (FIT_NDF)                        : 29
rms of residuals      (FIT_STDFIT) = sqrt(WSSR/ndf)    : 235858
variance of residuals (reduced chisquare) = WSSR/ndf   : 5.56289e+10

Final set of parameters            Asymptotic Standard Error
=======================            ==========================
A               = 9.28827          +/- 1.966        (21.17%)
B               = 0.479232         +/- 0.006914     (1.443%)

correlation matrix of the fit parameters:
                A      B      
A               1.000 
B              -0.999  1.000 


*******************************************************************************
Mon Oct 15 16:02:07 2018


FIT:    data read from 'fibData.txt' using 2:3
        format = x:z
        #datapoints = 31
        residuals are weighted equally (unit weight)

function used for fitting: f(x)
	f(x) = A * exp(B*x)
BREAK: Need via and either parameter list or file

*******************************************************************************
Mon Oct 15 16:02:25 2018


FIT:    data read from 'fibData.txt' using 2:3
        format = x:z
        #datapoints = 31
        residuals are weighted equally (unit weight)

function used for fitting: f(x)
	f(x) = A * exp(B*x)
BREAK: Need via and either parameter list or file

*******************************************************************************
Mon Oct 15 16:08:35 2018


FIT:    data read from 'fibDataN.txt' using 2:3
        format = x:z
        x range restricted to [0.00000 : 35.0000]
        #datapoints = 5
        residuals are weighted equally (unit weight)

function used for fitting: f(x)
	f(x) = A * exp(B* 2**x)
BREAK: Need via and either parameter list or file

*******************************************************************************
Mon Oct 15 16:08:44 2018


FIT:    data read from 'fibDataN.txt' using 2:3
        format = x:z
        x range restricted to [0.00000 : 35.0000]
        #datapoints = 5
        residuals are weighted equally (unit weight)

function used for fitting: f(x)
	f(x) = A * exp(B* 2**x)
fitted parameters initialized with current variable values


Current data point
=========================
#               = 4 out of 5
x               = 1              
z               = 13393.3        

Current set of parameters
=========================
A               = 1              
B               = 1              

BREAK: Undefined value during function evaluation

*******************************************************************************
Mon Oct 15 16:08:49 2018


FIT:    data read from 'fibDataN.txt' using 2:3
        format = x:z
        x range restricted to [0.00000 : 35.0000]
        #datapoints = 5
        residuals are weighted equally (unit weight)

function used for fitting: f(x)
	f(x) = A * exp(B* 2**x)
fitted parameters initialized with current variable values


Current data point
=========================
#               = 4 out of 5
x               = 1              
z               = 13393.3        

Current set of parameters
=========================
A               = 1              
B               = 1              

BREAK: Undefined value during function evaluation

*******************************************************************************
Mon Oct 15 16:12:19 2018


FIT:    data read from 'fibDataN.txt' using 2:3
        format = x:z
        x range restricted to [0.00000 : 35.0000]
        #datapoints = 5
        residuals are weighted equally (unit weight)

function used for fitting: f(x)
	f(x) = A * exp(B* 2**x)
fitted parameters initialized with current variable values


Current data point
=========================
#               = 4 out of 5
x               = 0.000333       
z               = 13393.3        

Current set of parameters
=========================
A               = 0.000333       
B               = 1              

BREAK: Undefined value during function evaluation

*******************************************************************************
Mon Oct 15 16:22:43 2018


FIT:    data read from 'fibDataN.txt' using 1:3
        format = x:z
        x range restricted to [0.00000 : 35.0000]
        #datapoints = 5
        residuals are weighted equally (unit weight)

function used for fitting: f(x)
	f(x) = A * exp(B* 2**x)
fitted parameters initialized with current variable values

iter      chisq       delta/lim  lambda   A             B            
   0 6.9005375668e+20   0.00e+00  2.71e+11    3.330000e-04   1.000000e+00
  29 1.7568519788e+08  -2.94e-02  2.71e+04    7.770797e-04   7.570475e-01

After 29 iterations the fit converged.
final sum of squares of residuals : 1.75685e+08
rel. change during last iteration : -2.94251e-07

degrees of freedom    (FIT_NDF)                        : 3
rms of residuals      (FIT_STDFIT) = sqrt(WSSR/ndf)    : 7652.56
variance of residuals (reduced chisquare) = WSSR/ndf   : 5.85617e+07

Final set of parameters            Asymptotic Standard Error
=======================            ==========================
A               = 0.00077708       +/- 0.0835       (1.075e+04%)
B               = 0.757048         +/- 3.318        (438.2%)

correlation matrix of the fit parameters:
                A      B      
A               1.000 
B              -1.000  1.000 
