

*******************************************************************************
Sat Oct  6 17:48:33 2018


FIT:    data read from 'fibloop.txt'
        format = z
        #datapoints = 34
        residuals are weighted equally (unit weight)

function used for fitting: f(x)
	f(x)=A*2**x
fitted parameters initialized with current variable values

iter      chisq       delta/lim  lambda   A            
   0 3.9353054024e+20   0.00e+00  3.40e+09    1.000000e+00
   5 1.3477031215e-05  -1.54e-06  3.40e+04    5.868497e-14

After 5 iterations the fit converged.
final sum of squares of residuals : 1.3477e-05
rel. change during last iteration : -1.5421e-11

degrees of freedom    (FIT_NDF)                        : 33
rms of residuals      (FIT_STDFIT) = sqrt(WSSR/ndf)    : 0.000639058
variance of residuals (reduced chisquare) = WSSR/ndf   : 4.08395e-07

Final set of parameters            Asymptotic Standard Error
=======================            ==========================
A               = 5.8685e-14       +/- 3.221e-14    (54.89%)


*******************************************************************************
Sat Oct  6 17:49:02 2018


FIT:    data read from 'fibloop.txt'
        format = z
        #datapoints = 34
        residuals are weighted equally (unit weight)

function used for fitting: f(x)
	f(x)=A*2**x
fitted parameters initialized with current variable values

iter      chisq       delta/lim  lambda   A            
   0 1.3477031215e-05   0.00e+00  2.00e-04    5.868497e-14
   1 1.3477031215e-05   0.00e+00  2.00e-05    5.868497e-14

After 1 iterations the fit converged.
final sum of squares of residuals : 1.3477e-05
rel. change during last iteration : 0

degrees of freedom    (FIT_NDF)                        : 33
rms of residuals      (FIT_STDFIT) = sqrt(WSSR/ndf)    : 0.000639058
variance of residuals (reduced chisquare) = WSSR/ndf   : 4.08395e-07

Final set of parameters            Asymptotic Standard Error
=======================            ==========================
A               = 5.8685e-14       +/- 3.221e-14    (54.89%)


*******************************************************************************
Sat Oct  6 17:49:17 2018


FIT:    data read from 'fibloop.txt'
        format = z
        #datapoints = 34
        residuals are weighted equally (unit weight)

function used for fitting: f(x)
	f(x)=A*2**x
fitted parameters initialized with current variable values

iter      chisq       delta/lim  lambda   A            
   0 1.3477031215e-05   0.00e+00  2.00e-04    5.868497e-14
   1 1.3477031215e-05   0.00e+00  2.00e-05    5.868497e-14

After 1 iterations the fit converged.
final sum of squares of residuals : 1.3477e-05
rel. change during last iteration : 0

degrees of freedom    (FIT_NDF)                        : 33
rms of residuals      (FIT_STDFIT) = sqrt(WSSR/ndf)    : 0.000639058
variance of residuals (reduced chisquare) = WSSR/ndf   : 4.08395e-07

Final set of parameters            Asymptotic Standard Error
=======================            ==========================
A               = 5.8685e-14       +/- 3.221e-14    (54.89%)


*******************************************************************************
Sat Oct  6 17:51:15 2018


FIT:    data read from 'fibloop.txt'
        format = z
        #datapoints = 34
        residuals are weighted equally (unit weight)

function used for fitting: f(x)
	f(x) = A*2**x
fitted parameters initialized with current variable values

iter      chisq       delta/lim  lambda   A            
   0 1.3477031215e-05   0.00e+00  2.00e-04    5.868497e-14
   1 1.3477031215e-05   0.00e+00  2.00e-05    5.868497e-14

After 1 iterations the fit converged.
final sum of squares of residuals : 1.3477e-05
rel. change during last iteration : 0

degrees of freedom    (FIT_NDF)                        : 33
rms of residuals      (FIT_STDFIT) = sqrt(WSSR/ndf)    : 0.000639058
variance of residuals (reduced chisquare) = WSSR/ndf   : 4.08395e-07

Final set of parameters            Asymptotic Standard Error
=======================            ==========================
A               = 5.8685e-14       +/- 3.221e-14    (54.89%)


*******************************************************************************
Sat Oct  6 17:52:38 2018


FIT:    data read from 'fibloop.txt'
        format = z
        #datapoints = 34
        residuals are weighted equally (unit weight)

function used for fitting: f(x)
	f(x) = A * x**3
fitted parameters initialized with current variable values

iter      chisq       delta/lim  lambda   A            
   0 1.4832293239e-05   0.00e+00  9.17e-10    5.868497e-14
   3 8.0906105263e-06  -5.88e-06  9.17e-13    2.850274e-08

After 3 iterations the fit converged.
final sum of squares of residuals : 8.09061e-06
rel. change during last iteration : -5.88081e-11

degrees of freedom    (FIT_NDF)                        : 33
rms of residuals      (FIT_STDFIT) = sqrt(WSSR/ndf)    : 0.000495146
variance of residuals (reduced chisquare) = WSSR/ndf   : 2.4517e-07

Final set of parameters            Asymptotic Standard Error
=======================            ==========================
A               = 2.85027e-08      +/- 5.435e-09    (19.07%)


*******************************************************************************
Sat Oct  6 17:56:18 2018


FIT:    data read from 'fibloop.txt'
        format = z
        x range restricted to [-10.0000 : 10.0000]
        #datapoints = 10
        residuals are weighted equally (unit weight)

function used for fitting: f(x)
	f(x) = A*x**3
fitted parameters initialized with current variable values

iter      chisq       delta/lim  lambda   A            
   0 4.1257396467e-06   0.00e+00  1.27e-05    2.850274e-08
   3 2.2579379566e-06  -6.82e-04  1.27e-08    1.000148e-06

After 3 iterations the fit converged.
final sum of squares of residuals : 2.25794e-06
rel. change during last iteration : -6.82284e-09

degrees of freedom    (FIT_NDF)                        : 9
rms of residuals      (FIT_STDFIT) = sqrt(WSSR/ndf)    : 0.000500881
variance of residuals (reduced chisquare) = WSSR/ndf   : 2.50882e-07

Final set of parameters            Asymptotic Standard Error
=======================            ==========================
A               = 1.00015e-06      +/- 3.561e-07    (35.61%)


*******************************************************************************
Sat Oct  6 17:59:53 2018


FIT:    data read from 'fibloop.txt'
        format = z
        x range restricted to [1.00000 : 10.0000]
        #datapoints = 10
        residuals are weighted equally (unit weight)

function used for fitting: f(x)
	f(x) = A*x**3
fitted parameters initialized with current variable values

iter      chisq       delta/lim  lambda   A            
   0 2.2579379566e-06   0.00e+00  4.45e-04    1.000148e-06
   1 2.2579379566e-06   0.00e+00  4.45e-05    1.000148e-06

After 1 iterations the fit converged.
final sum of squares of residuals : 2.25794e-06
rel. change during last iteration : 0

degrees of freedom    (FIT_NDF)                        : 9
rms of residuals      (FIT_STDFIT) = sqrt(WSSR/ndf)    : 0.000500881
variance of residuals (reduced chisquare) = WSSR/ndf   : 2.50882e-07

Final set of parameters            Asymptotic Standard Error
=======================            ==========================
A               = 1.00015e-06      +/- 3.561e-07    (35.61%)


*******************************************************************************
Sat Oct  6 18:36:39 2018


FIT:    data read from 'fib.txt'
        format = z
        #datapoints = 34
        residuals are weighted equally (unit weight)

function used for fitting: f(x)
	f(x) = A*x**3
fitted parameters initialized with current variable values

iter      chisq       delta/lim  lambda   A            
   0 6.5372842473e+41   0.00e+00  1.39e+20    1.000000e+00
   6 1.6883086261e-05  -1.77e-04  1.39e+14    1.154361e-24

After 6 iterations the fit converged.
final sum of squares of residuals : 1.68831e-05
rel. change during last iteration : -1.76883e-09

degrees of freedom    (FIT_NDF)                        : 33
rms of residuals      (FIT_STDFIT) = sqrt(WSSR/ndf)    : 0.000715268
variance of residuals (reduced chisquare) = WSSR/ndf   : 5.11609e-07

Final set of parameters            Asymptotic Standard Error
=======================            ==========================
A               = 1.15436e-24      +/- 8.846e-25    (76.64%)


*******************************************************************************
Sat Oct  6 18:49:56 2018


FIT:    data read from 'fibrecur.txt'
        format = z
        #datapoints = 34
        residuals are weighted equally (unit weight)

function used for fitting: f(x)
	f(x)=A*2**x
fitted parameters initialized with current variable values


Current data point
=========================
#               = 16 out of 34
x               = 1              
z               = 0.001185       

Current set of parameters
=========================
A               = 1              

BREAK: Undefined value during function evaluation

*******************************************************************************
Sat Oct  6 18:51:07 2018


FIT:    data read from 'fibrecur.txt'
        format = z
        #datapoints = 34
        residuals are weighted equally (unit weight)

function used for fitting: f(x)
	f(x)=A*x
fitted parameters initialized with current variable values

iter      chisq       delta/lim  lambda   A            
   0 1.3776929613e+14   0.00e+00  2.01e+06    1.000000e+00
   5 4.0018371089e-05   0.00e+00  2.01e+03    1.591888e-08

After 5 iterations the fit converged.
final sum of squares of residuals : 4.00184e-05
rel. change during last iteration : 0

degrees of freedom    (FIT_NDF)                        : 33
rms of residuals      (FIT_STDFIT) = sqrt(WSSR/ndf)    : 0.00110122
variance of residuals (reduced chisquare) = WSSR/ndf   : 1.21268e-06

Final set of parameters            Asymptotic Standard Error
=======================            ==========================
A               = 1.59189e-08      +/- 9.382e-11    (0.5894%)


*******************************************************************************
Sat Oct  6 18:55:59 2018


FIT:    data read from 'DP.txt'
        format = z
        #datapoints = 34
        residuals are weighted equally (unit weight)

function used for fitting: f(x)
	f(x) = A*x
fitted parameters initialized with current variable values

iter      chisq       delta/lim  lambda   A            
   0 1.3776930013e+14   0.00e+00  2.01e+06    1.000000e+00
   5 2.1418402255e-05   0.00e+00  2.01e+01    1.413069e-09

After 5 iterations the fit converged.
final sum of squares of residuals : 2.14184e-05
rel. change during last iteration : 0

degrees of freedom    (FIT_NDF)                        : 33
rms of residuals      (FIT_STDFIT) = sqrt(WSSR/ndf)    : 0.000805632
variance of residuals (reduced chisquare) = WSSR/ndf   : 6.49042e-07

Final set of parameters            Asymptotic Standard Error
=======================            ==========================
A               = 1.41307e-09      +/- 6.864e-11    (4.857%)


*******************************************************************************
Sat Oct  6 18:58:11 2018


FIT:    data read from 'matrix.txt'
        format = z
        #datapoints = 34
        residuals are weighted equally (unit weight)

function used for fitting: f(x)
	f(x)=x*log*x
fitted parameters initialized with current variable values



*******************************************************************************
Sat Oct  6 18:58:18 2018


FIT:    data read from 'matrix.txt'
        format = z
        #datapoints = 34
        residuals are weighted equally (unit weight)

function used for fitting: f(x)
	f(x)=A*log*x
fitted parameters initialized with current variable values



*******************************************************************************
Sat Oct  6 18:58:51 2018


FIT:    data read from 'matrix.txt'
        format = z
        #datapoints = 34
        residuals are weighted equally (unit weight)

function used for fitting: f(x)
	f(x)=A*logscale*x
fitted parameters initialized with current variable values



*******************************************************************************
Sat Oct  6 18:59:33 2018


FIT:    data read from 'matrix.txt'
        format = z
        #datapoints = 34
        residuals are weighted equally (unit weight)

function used for fitting: f(x)
	f(x) = A
fitted parameters initialized with current variable values

iter      chisq       delta/lim  lambda   A            
   0 3.3945150142e+01   0.00e+00  1.00e+00    1.000000e+00
   4 3.2298823529e-09  -6.42e-07  1.00e-04    8.069412e-04

After 4 iterations the fit converged.
final sum of squares of residuals : 3.22988e-09
rel. change during last iteration : -6.41613e-12

degrees of freedom    (FIT_NDF)                        : 33
rms of residuals      (FIT_STDFIT) = sqrt(WSSR/ndf)    : 9.89319e-06
variance of residuals (reduced chisquare) = WSSR/ndf   : 9.78752e-11

Final set of parameters            Asymptotic Standard Error
=======================            ==========================
A               = 0.000806941      +/- 1.697e-06    (0.2103%)


*******************************************************************************
Sat Oct  6 19:02:45 2018


FIT:    data read from 'matrix.txt'
        format = z
        #datapoints = 34
        residuals are weighted equally (unit weight)

function used for fitting: f(x)
	f(x) = log(A)
fitted parameters initialized with current variable values

iter      chisq       delta/lim  lambda   A            
   0 1.7250947054e+03   0.00e+00  1.00e+00    8.069412e-04
  10 3.2298823529e-09  -1.18e-06  1.00e-10    1.000807e+00

After 10 iterations the fit converged.
final sum of squares of residuals : 3.22988e-09
rel. change during last iteration : -1.17872e-11

degrees of freedom    (FIT_NDF)                        : 33
rms of residuals      (FIT_STDFIT) = sqrt(WSSR/ndf)    : 9.89319e-06
variance of residuals (reduced chisquare) = WSSR/ndf   : 9.78752e-11

Final set of parameters            Asymptotic Standard Error
=======================            ==========================
A               = 1.00081          +/- 1.699e-06    (0.0001698%)


*******************************************************************************
Sat Oct  6 19:03:31 2018


FIT:    data read from 'matrix.txt'
        format = z
        #datapoints = 34
        residuals are weighted equally (unit weight)

function used for fitting: f(x)
	f(x) = A*log(x)
fitted parameters initialized with current variable values

iter      chisq       delta/lim  lambda   A            
   0 2.9916633950e+03   0.00e+00  9.38e+00    1.000807e+00
   4 5.4021541270e-06  -3.38e-08  9.38e-04    7.485889e-05

After 4 iterations the fit converged.
final sum of squares of residuals : 5.40215e-06
rel. change during last iteration : -3.38208e-13

degrees of freedom    (FIT_NDF)                        : 33
rms of residuals      (FIT_STDFIT) = sqrt(WSSR/ndf)    : 0.000404601
variance of residuals (reduced chisquare) = WSSR/ndf   : 1.63702e-07

Final set of parameters            Asymptotic Standard Error
=======================            ==========================
A               = 7.48589e-05      +/- 7.403e-06    (9.889%)


*******************************************************************************
Sat Oct  6 19:04:46 2018


FIT:    data read from 'matrix.txt'
        format = z
        #datapoints = 34
        residuals are weighted equally (unit weight)

function used for fitting: f(x)
	f(x) = log(x)
fitted parameters initialized with current variable values

iter      chisq       delta/lim  lambda   A            
   0 2.9868387355e+03   0.00e+00  0.00e+00    7.485889e-05
BREAK: Singular matrix in Givens()

*******************************************************************************
Sat Oct  6 19:04:52 2018


FIT:    data read from 'matrix.txt'
        format = z
        #datapoints = 34
        residuals are weighted equally (unit weight)

function used for fitting: f(x)
	f(x) = log(x)
fitted parameters initialized with current variable values

Warning: Initial value of parameter 'x' is zero.
iter      chisq       delta/lim  lambda   x            
   0 2.9868387355e+03   0.00e+00  0.00e+00    1.000000e-30
BREAK: Singular matrix in Givens()

*******************************************************************************
Sat Oct  6 19:06:59 2018


FIT:    data read from 'matrix.txt'
        format = z
        #datapoints = 34
        residuals are weighted equally (unit weight)

function used for fitting: f(x)
	f(x) = 2**log(x)
fitted parameters initialized with current variable values

iter      chisq       delta/lim  lambda   x            
   0 9.2960525318e+09   0.00e+00  0.00e+00    1.001000e-30
BREAK: Singular matrix in Givens()

*******************************************************************************
Sat Oct  6 19:08:01 2018


FIT:    data read from 'matrix.txt'
        format = z
        #datapoints = 34
        residuals are weighted equally (unit weight)

function used for fitting: f(x)
	f(x) = log(A**x)
fitted parameters initialized with current variable values


Current data point
=========================
#               = 10 out of 34
x               = 1.002e-30      
z               = 0.0008         

Current set of parameters
=========================
x               = 1.002e-30      

BREAK: Undefined value during function evaluation

*******************************************************************************
Sat Oct  6 19:08:06 2018


FIT:    data read from 'matrix.txt'
        format = z
        #datapoints = 34
        residuals are weighted equally (unit weight)

function used for fitting: f(x)
	f(x) = log(A**x)
fitted parameters initialized with current variable values


Current data point
=========================
#               = 10 out of 34
x               = 7.49338e-05    
z               = 0.0008         

Current set of parameters
=========================
A               = 7.49338e-05    

BREAK: Undefined value during function evaluation

*******************************************************************************
Sat Oct  6 19:08:29 2018


FIT:    data read from 'matrix.txt'
        format = z
        #datapoints = 34
        residuals are weighted equally (unit weight)

function used for fitting: f(x)
	f(x) = log(A**x)
fitted parameters initialized with current variable values


Current data point
=========================
#               = 10 out of 34
x               = 7.49338e-05    
z               = 0.0008         

Current set of parameters
=========================
A               = 7.49338e-05    

BREAK: Undefined value during function evaluation

*******************************************************************************
Sat Oct  6 19:08:35 2018


FIT:    data read from 'matrix.txt'
        format = z
        #datapoints = 34
        residuals are weighted equally (unit weight)

function used for fitting: f(x)
	f(x) = log(A**x)
fitted parameters initialized with current variable values


Current data point
=========================
#               = 10 out of 34
x               = 7.49338e-05    
z               = 0.0008         

Current set of parameters
=========================
A               = 7.49338e-05    

BREAK: Undefined value during function evaluation

*******************************************************************************
Sat Oct  6 19:09:08 2018


FIT:    data read from 'matrix.txt'
        format = z
        #datapoints = 34
        residuals are weighted equally (unit weight)

function used for fitting: f(x)
	f(x) = log2(x)
fitted parameters initialized with current variable values



*******************************************************************************
Sat Oct  6 19:09:31 2018


FIT:    data read from 'matrix.txt'
        format = z
        #datapoints = 34
        residuals are weighted equally (unit weight)

function used for fitting: f(x)
	f(x) = 2*log(x)
fitted parameters initialized with current variable values

iter      chisq       delta/lim  lambda   x            
   0 1.1948249375e+04   0.00e+00  0.00e+00    1.002001e-30
BREAK: Singular matrix in Givens()

*******************************************************************************
Sat Oct  6 19:10:23 2018


FIT:    data read from 'matrix.txt'
        format = z
        #datapoints = 34
        residuals are weighted equally (unit weight)

function used for fitting: f(x)
	f(x) = log(x)/1000
fitted parameters initialized with current variable values

iter      chisq       delta/lim  lambda   x            
   0 2.5621785920e-03   0.00e+00  0.00e+00    1.003003e-30
BREAK: Singular matrix in Givens()

*******************************************************************************
Sat Oct  6 19:10:52 2018


FIT:    data read from 'matrix.txt'
        format = z
        #datapoints = 34
        residuals are weighted equally (unit weight)

function used for fitting: f(x)
	f(x) = log(x)/100000
fitted parameters initialized with current variable values

iter      chisq       delta/lim  lambda   x            
   0 1.7968698205e-05   0.00e+00  0.00e+00    1.004006e-30
BREAK: Singular matrix in Givens()

*******************************************************************************
Sat Oct  6 19:11:13 2018


FIT:    data read from 'matrix.txt'
        format = z
        #datapoints = 34
        residuals are weighted equally (unit weight)

function used for fitting: f(x)
	f(x) = log(x)/10000
fitted parameters initialized with current variable values

iter      chisq       delta/lim  lambda   x            
   0 7.2903437181e-06   0.00e+00  0.00e+00    1.005010e-30
BREAK: Singular matrix in Givens()

*******************************************************************************
Sat Oct  6 19:11:31 2018


FIT:    data read from 'matrix.txt'
        format = z
        #datapoints = 34
        residuals are weighted equally (unit weight)

function used for fitting: f(x)
	f(x) = log(x)/15000
fitted parameters initialized with current variable values

iter      chisq       delta/lim  lambda   x            
   0 5.6026385606e-06   0.00e+00  0.00e+00    1.006015e-30
BREAK: Singular matrix in Givens()

*******************************************************************************
Sat Oct  6 19:12:35 2018


FIT:    data read from 'matrix.txt'
        format = z
        #datapoints = 34
        residuals are weighted equally (unit weight)

function used for fitting: f(x)
	f(x) = log(x)/80000
fitted parameters initialized with current variable values

iter      chisq       delta/lim  lambda   x            
   0 1.7018608443e-05   0.00e+00  0.00e+00    1.007021e-30
BREAK: Singular matrix in Givens()

*******************************************************************************
Sat Oct  6 19:13:30 2018


FIT:    data read from 'matrix.txt'
        format = z
        #datapoints = 34
        residuals are weighted equally (unit weight)

function used for fitting: f(x)
	f(x) = log(x)/80000+.0008
fitted parameters initialized with current variable values

iter      chisq       delta/lim  lambda   x            
   0 3.8506140661e-07   0.00e+00  0.00e+00    1.008028e-30
BREAK: Singular matrix in Givens()

*******************************************************************************
Sat Oct  6 19:13:52 2018


FIT:    data read from 'matrix.txt'
        format = z
        #datapoints = 34
        residuals are weighted equally (unit weight)

function used for fitting: f(x)
	f(x) = log(x)/100000+.0008
fitted parameters initialized with current variable values

iter      chisq       delta/lim  lambda   x            
   0 2.3434057621e-07   0.00e+00  0.00e+00    1.009036e-30
BREAK: Singular matrix in Givens()

*******************************************************************************
Sat Oct  6 19:14:11 2018


FIT:    data read from 'matrix.txt'
        format = z
        #datapoints = 34
        residuals are weighted equally (unit weight)

function used for fitting: f(x)
	f(x) = log(x)/1000000+.0008
fitted parameters initialized with current variable values

iter      chisq       delta/lim  lambda   x            
   0 9.2968395220e-10   0.00e+00  0.00e+00    1.010045e-30
BREAK: Singular matrix in Givens()

*******************************************************************************
Sat Oct  6 19:14:26 2018


FIT:    data read from 'matrix.txt'
        format = z
        #datapoints = 34
        residuals are weighted equally (unit weight)

function used for fitting: f(x)
	f(x) = log(x)/10000000+.0008
fitted parameters initialized with current variable values

iter      chisq       delta/lim  lambda   x            
   0 4.2053126585e-09   0.00e+00  0.00e+00    1.011055e-30
BREAK: Singular matrix in Givens()

*******************************************************************************
Sat Oct  6 19:14:55 2018


FIT:    data read from 'matrix.txt'
        format = z
        #datapoints = 34
        residuals are weighted equally (unit weight)

function used for fitting: f(x)
	f(x) = log(x)/10000000+.0008
fitted parameters initialized with current variable values

iter      chisq       delta/lim  lambda   x            
   0 4.2053126585e-09   0.00e+00  0.00e+00    1.012066e-30
BREAK: Singular matrix in Givens()

*******************************************************************************
Sat Oct  6 19:15:10 2018


FIT:    data read from 'matrix.txt'
        format = z
        #datapoints = 34
        residuals are weighted equally (unit weight)

function used for fitting: f(x)
	f(x) = log(x)/100000000+.0008
fitted parameters initialized with current variable values

iter      chisq       delta/lim  lambda   x            
   0 4.7990427085e-09   0.00e+00  0.00e+00    1.013078e-30
BREAK: Singular matrix in Givens()

*******************************************************************************
Sat Oct  6 19:15:26 2018


FIT:    data read from 'matrix.txt'
        format = z
        #datapoints = 34
        residuals are weighted equally (unit weight)

function used for fitting: f(x)
	f(x) = log(x)/10000000+.0008
fitted parameters initialized with current variable values

iter      chisq       delta/lim  lambda   x            
   0 4.2053126585e-09   0.00e+00  0.00e+00    1.014091e-30
BREAK: Singular matrix in Givens()

*******************************************************************************
Sat Oct  6 19:16:20 2018


FIT:    data read from 'matrix.txt'
        format = z
        #datapoints = 34
        residuals are weighted equally (unit weight)

function used for fitting: f(x)
	f(x) = log(x)/1000000+.0008
fitted parameters initialized with current variable values

iter      chisq       delta/lim  lambda   x            
   0 9.2968395220e-10   0.00e+00  0.00e+00    1.015105e-30
BREAK: Singular matrix in Givens()