

*******************************************************************************
Tue Oct 23 22:16:27 2018


FIT:    data read from 'FBIi.txt' using 1:3
        format = x:z
        #datapoints = 16
        residuals are weighted equally (unit weight)

function used for fitting: f(x)
	f(x) = A*exp(B*2**x)
BREAK: Need via and either parameter list or file

*******************************************************************************
Tue Oct 23 22:16:38 2018


FIT:    data read from 'FBIi.txt' using 1:3
        format = x:z
        #datapoints = 16
        residuals are weighted equally (unit weight)

function used for fitting: f(x)
	f(x) = A*exp(B*2**x)
fitted parameters initialized with current variable values


Current data point
=========================
#               = 6 out of 16
x               = 1              
z               = 2.94025        

Current set of parameters
=========================
A               = 1              
B               = 1              

BREAK: Undefined value during function evaluation